25-10-2022 20:40:00.897 [main] INFO  c.n.c.m.CustomerMicroserviceApplicationTests.logStartupProfileInfo - No active profile set, falling back to 1 default profile: "default"
25-10-2022 20:40:02.000 [main] INFO  o.s.d.r.c.RepositoryConfigurationDelegate.registerRepositoriesIn - Bootstrapping Spring Data Reactive MongoDB repositories in DEFAULT mode.
25-10-2022 20:40:02.266 [main] INFO  o.s.d.r.c.RepositoryConfigurationDelegate.registerRepositoriesIn - Finished Spring Data repository scanning in 256 ms. Found 1 Reactive MongoDB repository interfaces.
25-10-2022 20:40:02.749 [main] INFO  o.s.cloud.context.scope.GenericScope.setSerializationId - BeanFactory id=68518cfb-64cb-3986-9cd0-6f1671910dd4
25-10-2022 20:40:02.952 [main] INFO  o.s.c.s.PostProcessorRegistrationDelegate$BeanPostProcessorChecker.postProcessAfterInitialization - Bean 'org.springframework.cloud.client.loadbalancer.reactive.LoadBalancerBeanPostProcessorAutoConfiguration' of type [org.springframework.cloud.client.loadbalancer.reactive.LoadBalancerBeanPostProcessorAutoConfiguration] is not eligible for getting processed by all BeanPostProcessors (for example: not eligible for auto-proxying)
25-10-2022 20:40:02.962 [main] INFO  o.s.c.s.PostProcessorRegistrationDelegate$BeanPostProcessorChecker.postProcessAfterInitialization - Bean 'org.springframework.cloud.client.loadbalancer.reactive.LoadBalancerBeanPostProcessorAutoConfiguration$ReactorDeferringLoadBalancerFilterConfig' of type [org.springframework.cloud.client.loadbalancer.reactive.LoadBalancerBeanPostProcessorAutoConfiguration$ReactorDeferringLoadBalancerFilterConfig] is not eligible for getting processed by all BeanPostProcessors (for example: not eligible for auto-proxying)
25-10-2022 20:40:02.972 [main] INFO  o.s.c.s.PostProcessorRegistrationDelegate$BeanPostProcessorChecker.postProcessAfterInitialization - Bean 'reactorDeferringLoadBalancerExchangeFilterFunction' of type [org.springframework.cloud.client.loadbalancer.reactive.DeferringLoadBalancerExchangeFilterFunction] is not eligible for getting processed by all BeanPostProcessors (for example: not eligible for auto-proxying)
25-10-2022 20:40:04.167 [Thread-3] INFO  o.s.b.a.mongo.embedded.EmbeddedMongo.log - note: noprealloc may hurt performance in many applications
25-10-2022 20:40:04.313 [Thread-3] INFO  o.s.b.a.mongo.embedded.EmbeddedMongo.log - 2022-10-25T20:40:04.311-0500 I CONTROL  [initandlisten] MongoDB starting : pid=10300 port=54051 dbpath=C:\Users\linde\AppData\Local\Temp\embedmongo-db-487e6880-bb4c-4f13-a57f-2788fb816850 64-bit host=DESKTOP-NFHEFD4
25-10-2022 20:40:04.313 [Thread-3] INFO  o.s.b.a.mongo.embedded.EmbeddedMongo.log - 2022-10-25T20:40:04.314-0500 I CONTROL  [initandlisten] targetMinOS: Windows Vista/Windows Server 2008
25-10-2022 20:40:04.314 [Thread-3] INFO  o.s.b.a.mongo.embedded.EmbeddedMongo.log - 2022-10-25T20:40:04.314-0500 I CONTROL  [initandlisten] db version v3.5.5
25-10-2022 20:40:04.314 [Thread-3] INFO  o.s.b.a.mongo.embedded.EmbeddedMongo.log - 2022-10-25T20:40:04.314-0500 I CONTROL  [initandlisten] git version: 98515c812b6fa893613f063dae568ff8319cbfbd
25-10-2022 20:40:04.314 [Thread-3] INFO  o.s.b.a.mongo.embedded.EmbeddedMongo.log - 2022-10-25T20:40:04.314-0500 I CONTROL  [initandlisten] allocator: tcmalloc
25-10-2022 20:40:04.314 [Thread-3] INFO  o.s.b.a.mongo.embedded.EmbeddedMongo.log - 2022-10-25T20:40:04.314-0500 I CONTROL  [initandlisten] modules: none
25-10-2022 20:40:04.314 [Thread-3] INFO  o.s.b.a.mongo.embedded.EmbeddedMongo.log - 2022-10-25T20:40:04.314-0500 I CONTROL  [initandlisten] build environment:
25-10-2022 20:40:04.315 [Thread-3] INFO  o.s.b.a.mongo.embedded.EmbeddedMongo.log - 2022-10-25T20:40:04.314-0500 I CONTROL  [initandlisten]     distarch: x86_64
25-10-2022 20:40:04.315 [Thread-3] INFO  o.s.b.a.mongo.embedded.EmbeddedMongo.log - 2022-10-25T20:40:04.314-0500 I CONTROL  [initandlisten]     target_arch: x86_64
25-10-2022 20:40:04.316 [Thread-3] INFO  o.s.b.a.mongo.embedded.EmbeddedMongo.log - 2022-10-25T20:40:04.314-0500 I CONTROL  [initandlisten] options: { net: { bindIp: "127.0.0.1", http: { enabled: false }, port: 54051 }, security: { authorization: "disabled" }, storage: { dbPath: "C:\Users\linde\AppData\Local\Temp\embedmongo-db-487e6880-bb4c-4f13-a57f-2788fb816850", journal: { enabled: false }, mmapv1: { preallocDataFiles: false, smallFiles: true }, syncPeriodSecs: 0.0 } }
25-10-2022 20:40:04.319 [Thread-3] INFO  o.s.b.a.mongo.embedded.EmbeddedMongo.log - 2022-10-25T20:40:04.320-0500 I STORAGE  [initandlisten] wiredtiger_open config: create,cache_size=3525M,session_max=20000,eviction=(threads_min=4,threads_max=4),config_base=false,statistics=(fast),log=(enabled=true,archive=true,path=journal,compressor=snappy),file_manager=(close_idle_time=100000),checkpoint=(wait=0,log_size=2GB),statistics_log=(wait=0),verbose=(recovery_progress),,log=(enabled=false),
25-10-2022 20:40:04.519 [Thread-3] INFO  o.s.b.a.mongo.embedded.EmbeddedMongo.log - 2022-10-25T20:40:04.519-0500 W STORAGE  [initandlisten] Detected configuration for non-active storage engine mmapv1 when current storage engine is wiredTiger
25-10-2022 20:40:04.520 [Thread-3] INFO  o.s.b.a.mongo.embedded.EmbeddedMongo.log - 2022-10-25T20:40:04.520-0500 I CONTROL  [initandlisten] 
25-10-2022 20:40:04.520 [Thread-3] INFO  o.s.b.a.mongo.embedded.EmbeddedMongo.log - 2022-10-25T20:40:04.520-0500 I CONTROL  [initandlisten] ** NOTE: This is a development version (3.5.5) of MongoDB.
25-10-2022 20:40:04.520 [Thread-3] INFO  o.s.b.a.mongo.embedded.EmbeddedMongo.log - 2022-10-25T20:40:04.520-0500 I CONTROL  [initandlisten] **       Not recommended for production.
25-10-2022 20:40:04.520 [Thread-3] INFO  o.s.b.a.mongo.embedded.EmbeddedMongo.log - 2022-10-25T20:40:04.520-0500 I CONTROL  [initandlisten] 
25-10-2022 20:40:05.282 [Thread-3] INFO  o.s.b.a.mongo.embedded.EmbeddedMongo.log - 2022-10-25T20:40:05.282-0500 W FTDC     [initandlisten] Failed to initialize Performance Counters for FTDC: WindowsPdhError: PdhExpandCounterPathW failed with 'El objeto especificado no se encontró en el equipo.' for counter '\Memory\Available Bytes'
25-10-2022 20:40:05.283 [Thread-3] INFO  o.s.b.a.mongo.embedded.EmbeddedMongo.log - 2022-10-25T20:40:05.282-0500 I FTDC     [initandlisten] Initializing full-time diagnostic data capture with directory 'C:/Users/linde/AppData/Local/Temp/embedmongo-db-487e6880-bb4c-4f13-a57f-2788fb816850/diagnostic.data'
25-10-2022 20:40:05.335 [Thread-3] INFO  o.s.b.a.mongo.embedded.EmbeddedMongo.log - 2022-10-25T20:40:05.335-0500 I INDEX    [initandlisten] build index on: admin.system.version properties: { v: 2, key: { version: 1 }, name: "incompatible_with_version_32", ns: "admin.system.version" }
25-10-2022 20:40:05.338 [Thread-3] INFO  o.s.b.a.mongo.embedded.EmbeddedMongo.log - 2022-10-25T20:40:05.338-0500 I INDEX    [initandlisten] 	 building index using bulk method; build may temporarily use up to 500 megabytes of RAM
25-10-2022 20:40:05.347 [Thread-3] INFO  o.s.b.a.mongo.embedded.EmbeddedMongo.log - 2022-10-25T20:40:05.347-0500 I INDEX    [initandlisten] build index done.  scanned 0 total records. 0 secs
25-10-2022 20:40:05.350 [Thread-3] INFO  o.s.b.a.mongo.embedded.EmbeddedMongo.log - 2022-10-25T20:40:05.350-0500 I COMMAND  [initandlisten] setting featureCompatibilityVersion to 3.4
25-10-2022 20:40:05.355 [Thread-3] INFO  o.s.b.a.mongo.embedded.EmbeddedMongo.log - 2022-10-25T20:40:05.355-0500 I NETWORK  [thread1] waiting for connections on port 54051
25-10-2022 20:40:05.358 [main] INFO  d.f.embed.mongo.MongodExecutable.start - start MongodConfig{version=Version{3.5.5}, timeout=de.flapdoodle.embed.mongo.config.Timeout@130cfc47, net=de.flapdoodle.embed.mongo.config.Net@4eeab3e, cmdOptions=MongoCmdOptions{syncDelay=0, useDefaultSyncDelay=false, isVerbose=false, useNoPrealloc=true, useSmallFiles=true, useNoJournal=true, enableTextSearch=false, auth=false, master=false}, password=, userName=, replication=de.flapdoodle.embed.mongo.config.Storage@2b6fb197, isConfigServer=false, isShardServer=false, processListener=de.flapdoodle.embed.mongo.config.processlistener.NoopProcessListener@2eb0cefe, params={}, args={}, pidFile=mongod.pid, supportConfig=de.flapdoodle.embed.mongo.config.SupportConfig@5a2ae1ab}
25-10-2022 20:40:05.847 [main] INFO  org.mongodb.driver.client.info - MongoClient with metadata {"driver": {"name": "mongo-java-driver|reactive-streams|spring-boot", "version": "4.6.1"}, "os": {"type": "Windows", "name": "Windows 10", "architecture": "amd64", "version": "10.0"}, "platform": "Java/Amazon.com Inc./11.0.17+8-LTS"} created with settings MongoClientSettings{readPreference=primary, writeConcern=WriteConcern{w=null, wTimeout=null ms, journal=null}, retryWrites=true, retryReads=true, readConcern=ReadConcern{level=null}, credential=null, streamFactoryFactory=NettyStreamFactoryFactory{eventLoopGroup=io.netty.channel.nio.NioEventLoopGroup@489f62a3, socketChannelClass=class io.netty.channel.socket.nio.NioSocketChannel, allocator=PooledByteBufAllocator(directByDefault: true), sslContext=null}, commandListeners=[], codecRegistry=ProvidersCodecRegistry{codecProviders=[ValueCodecProvider{}, BsonValueCodecProvider{}, DBRefCodecProvider{}, DBObjectCodecProvider{}, DocumentCodecProvider{}, IterableCodecProvider{}, MapCodecProvider{}, GeoJsonCodecProvider{}, GridFSFileCodecProvider{}, Jsr310CodecProvider{}, JsonObjectCodecProvider{}, BsonCodecProvider{}, EnumCodecProvider{}, com.mongodb.Jep395RecordCodecProvider@6e068ac9]}, clusterSettings={hosts=[localhost:54051], srvServiceName=mongodb, mode=SINGLE, requiredClusterType=UNKNOWN, requiredReplicaSetName='null', serverSelector='null', clusterListeners='[]', serverSelectionTimeout='30000 ms', localThreshold='30000 ms'}, socketSettings=SocketSettings{connectTimeoutMS=10000, readTimeoutMS=0, receiveBufferSize=0, sendBufferSize=0}, heartbeatSocketSettings=SocketSettings{connectTimeoutMS=10000, readTimeoutMS=10000, receiveBufferSize=0, sendBufferSize=0}, connectionPoolSettings=ConnectionPoolSettings{maxSize=100, minSize=0, maxWaitTimeMS=120000, maxConnectionLifeTimeMS=0, maxConnectionIdleTimeMS=0, maintenanceInitialDelayMS=0, maintenanceFrequencyMS=60000, connectionPoolListeners=[], maxConnecting=2}, serverSettings=ServerSettings{heartbeatFrequencyMS=10000, minHeartbeatFrequencyMS=500, serverListeners='[]', serverMonitorListeners='[]'}, sslSettings=SslSettings{enabled=false, invalidHostNameAllowed=false, context=null}, applicationName='null', compressorList=[], uuidRepresentation=JAVA_LEGACY, serverApi=null, autoEncryptionSettings=null, contextProvider=null}
25-10-2022 20:40:06.046 [main] WARN  o.s.data.convert.CustomConversions.register - Registering converter from class java.time.LocalDateTime to class org.joda.time.LocalDateTime as reading converter although it doesn't convert from a store-supported type; You might want to check your annotation setup at the converter implementation
25-10-2022 20:40:06.323 [main] WARN  o.s.data.convert.CustomConversions.register - Registering converter from class java.time.LocalDateTime to class org.joda.time.LocalDateTime as reading converter although it doesn't convert from a store-supported type; You might want to check your annotation setup at the converter implementation
25-10-2022 20:40:06.637 [Thread-3] INFO  o.s.b.a.mongo.embedded.EmbeddedMongo.log - 2022-10-25T20:40:06.636-0500 I NETWORK  [thread1] connection accepted from 127.0.0.1:54069 #1 (1 connection now open)
25-10-2022 20:40:06.632 [main] INFO  org.mongodb.driver.cluster.info - No server chosen by com.mongodb.reactivestreams.client.internal.ClientSessionHelper$$Lambda$1061/0x000000010071f840@6996bbc4 from cluster description ClusterDescription{type=UNKNOWN, connectionMode=SINGLE, serverDescriptions=[ServerDescription{address=localhost:54051, type=UNKNOWN, state=CONNECTING}]}. Waiting for 30000 ms before timing out
25-10-2022 20:40:06.648 [Thread-3] INFO  o.s.b.a.mongo.embedded.EmbeddedMongo.log - 2022-10-25T20:40:06.648-0500 I NETWORK  [thread1] connection accepted from 127.0.0.1:54068 #2 (2 connections now open)
25-10-2022 20:40:06.659 [main] INFO  org.mongodb.driver.cluster.info - No server chosen by com.mongodb.reactivestreams.client.internal.ClientSessionHelper$$Lambda$1061/0x000000010071f840@64f3991e from cluster description ClusterDescription{type=UNKNOWN, connectionMode=SINGLE, serverDescriptions=[ServerDescription{address=localhost:54051, type=UNKNOWN, state=CONNECTING}]}. Waiting for 30000 ms before timing out
25-10-2022 20:40:06.732 [Thread-3] INFO  o.s.b.a.mongo.embedded.EmbeddedMongo.log - 2022-10-25T20:40:06.731-0500 I NETWORK  [conn1] received client metadata from 127.0.0.1:54069 conn1: { driver: { name: "mongo-java-driver|reactive-streams|spring-boot", version: "4.6.1" }, os: { type: "Windows", name: "Windows 10", architecture: "amd64", version: "10.0" }, platform: "Java/Amazon.com Inc./11.0.17+8-LTS" }
25-10-2022 20:40:06.741 [Thread-3] INFO  o.s.b.a.mongo.embedded.EmbeddedMongo.log - 2022-10-25T20:40:06.739-0500 I NETWORK  [conn2] received client metadata from 127.0.0.1:54068 conn2: { driver: { name: "mongo-java-driver|reactive-streams|spring-boot", version: "4.6.1" }, os: { type: "Windows", name: "Windows 10", architecture: "amd64", version: "10.0" }, platform: "Java/Amazon.com Inc./11.0.17+8-LTS" }
25-10-2022 20:40:06.778 [cluster-rtt-ClusterId{value='63588ff50007a92824c6c038', description='null'}-localhost:54051] INFO  org.mongodb.driver.connection.info - Opened connection [connectionId{localValue:2, serverValue:2}] to localhost:54051
25-10-2022 20:40:06.778 [cluster-ClusterId{value='63588ff50007a92824c6c038', description='null'}-localhost:54051] INFO  org.mongodb.driver.connection.info - Opened connection [connectionId{localValue:1, serverValue:1}] to localhost:54051
25-10-2022 20:40:06.778 [cluster-ClusterId{value='63588ff50007a92824c6c038', description='null'}-localhost:54051] INFO  org.mongodb.driver.cluster.info - Monitor thread successfully connected to server with description ServerDescription{address=localhost:54051, type=STANDALONE, state=CONNECTED, ok=true, minWireVersion=0, maxWireVersion=5, maxDocumentSize=16777216, logicalSessionTimeoutMinutes=null, roundTripTimeNanos=142120900}
25-10-2022 20:40:06.818 [Thread-3] INFO  o.s.b.a.mongo.embedded.EmbeddedMongo.log - 2022-10-25T20:40:06.817-0500 I NETWORK  [thread1] connection accepted from 127.0.0.1:54070 #3 (3 connections now open)
25-10-2022 20:40:06.822 [Thread-3] INFO  o.s.b.a.mongo.embedded.EmbeddedMongo.log - 2022-10-25T20:40:06.822-0500 I NETWORK  [thread1] connection accepted from 127.0.0.1:54071 #4 (4 connections now open)
25-10-2022 20:40:06.833 [Thread-3] INFO  o.s.b.a.mongo.embedded.EmbeddedMongo.log - 2022-10-25T20:40:06.834-0500 I NETWORK  [conn3] received client metadata from 127.0.0.1:54070 conn3: { driver: { name: "mongo-java-driver|reactive-streams|spring-boot", version: "4.6.1" }, os: { type: "Windows", name: "Windows 10", architecture: "amd64", version: "10.0" }, platform: "Java/Amazon.com Inc./11.0.17+8-LTS" }
25-10-2022 20:40:06.842 [nioEventLoopGroup-2-3] INFO  org.mongodb.driver.connection.info - Opened connection [connectionId{localValue:3, serverValue:3}] to localhost:54051
25-10-2022 20:40:06.955 [Thread-3] INFO  o.s.b.a.mongo.embedded.EmbeddedMongo.log - 2022-10-25T20:40:06.955-0500 I NETWORK  [conn4] received client metadata from 127.0.0.1:54071 conn4: { driver: { name: "mongo-java-driver|reactive-streams|spring-boot", version: "4.6.1" }, os: { type: "Windows", name: "Windows 10", architecture: "amd64", version: "10.0" }, platform: "Java/Amazon.com Inc./11.0.17+8-LTS" }
25-10-2022 20:40:06.961 [nioEventLoopGroup-2-4] INFO  org.mongodb.driver.connection.info - Opened connection [connectionId{localValue:4, serverValue:4}] to localhost:54051
25-10-2022 20:40:07.223 [Thread-3] INFO  o.s.b.a.mongo.embedded.EmbeddedMongo.log - 2022-10-25T20:40:07.223-0500 I INDEX    [conn3] build index on: customers.customer properties: { v: 2, unique: true, key: { dni: 1 }, name: "dni", ns: "customers.customer" }
25-10-2022 20:40:07.223 [Thread-3] INFO  o.s.b.a.mongo.embedded.EmbeddedMongo.log - 2022-10-25T20:40:07.223-0500 I INDEX    [conn3] 	 building index using bulk method; build may temporarily use up to 500 megabytes of RAM
25-10-2022 20:40:07.246 [Thread-3] INFO  o.s.b.a.mongo.embedded.EmbeddedMongo.log - 2022-10-25T20:40:07.245-0500 I INDEX    [conn3] build index done.  scanned 0 total records. 0 secs
25-10-2022 20:40:07.247 [Thread-3] INFO  o.s.b.a.mongo.embedded.EmbeddedMongo.log - 2022-10-25T20:40:07.248-0500 I COMMAND  [conn3] command customers.$cmd command: createIndexes { createIndexes: "customer", indexes: [ { key: { dni: 1 }, name: "dni", unique: true } ] } numYields:0 reslen:113 locks:{ Global: { acquireCount: { r: 1, w: 1 } }, Database: { acquireCount: { W: 1 } }, Collection: { acquireCount: { w: 1 } } } protocol:op_query 331ms
25-10-2022 20:40:07.293 [Thread-3] INFO  o.s.b.a.mongo.embedded.EmbeddedMongo.log - 2022-10-25T20:40:07.294-0500 I INDEX    [conn4] build index on: customers.customer properties: { v: 2, unique: true, key: { email: 1 }, name: "email", ns: "customers.customer" }
25-10-2022 20:40:07.294 [Thread-3] INFO  o.s.b.a.mongo.embedded.EmbeddedMongo.log - 2022-10-25T20:40:07.295-0500 I INDEX    [conn4] 	 building index using bulk method; build may temporarily use up to 500 megabytes of RAM
25-10-2022 20:40:07.323 [Thread-3] INFO  o.s.b.a.mongo.embedded.EmbeddedMongo.log - 2022-10-25T20:40:07.322-0500 I INDEX    [conn4] build index done.  scanned 0 total records. 0 secs
25-10-2022 20:40:07.361 [Thread-3] INFO  o.s.b.a.mongo.embedded.EmbeddedMongo.log - 2022-10-25T20:40:07.361-0500 I COMMAND  [conn4] command customers.$cmd command: createIndexes { createIndexes: "customer", indexes: [ { key: { email: 1 }, name: "email", unique: true } ] } numYields:0 reslen:113 locks:{ Global: { acquireCount: { r: 1, w: 1 } }, Database: { acquireCount: { W: 1 }, acquireWaitCount: { W: 1 }, timeAcquiringMicros: { W: 282947 } }, Collection: { acquireCount: { w: 1 } } } protocol:op_query 398ms
25-10-2022 20:40:10.507 [main] INFO  o.s.c.n.e.c.DiscoveryClientOptionalArgsConfiguration.restTemplateDiscoveryClientOptionalArgs - Eureka HTTP Client uses RestTemplate.
25-10-2022 20:40:11.437 [main] WARN  o.s.c.l.c.LoadBalancerCacheAutoConfiguration$LoadBalancerCaffeineWarnLogger.logWarning - Spring Cloud LoadBalancer is currently working with the default cache. While this cache implementation is useful for development and tests, it's recommended to use Caffeine cache in production.You can switch to using Caffeine cache, by adding it and org.springframework.cache.caffeine.CaffeineCacheManager to the classpath.
25-10-2022 20:40:11.500 [main] INFO  c.n.c.m.CustomerMicroserviceApplicationTests.logStarted - Started CustomerMicroserviceApplicationTests in 14.331 seconds (JVM running for 16.249)
25-10-2022 20:40:12.394 [SpringApplicationShutdownHook] INFO  o.s.c.n.eureka.InstanceInfoFactory.create - Setting initial instance status as: STARTING
25-10-2022 20:40:12.398 [SpringApplicationShutdownHook] INFO  o.s.c.n.e.s.EurekaServiceRegistry.deregister - Unregistering application CUSTOMER-MICROSERVICE with eureka with status DOWN
25-10-2022 20:40:12.421 [Thread-3] INFO  o.s.b.a.mongo.embedded.EmbeddedMongo.log - 2022-10-25T20:40:12.421-0500 I -        [conn1] end connection 127.0.0.1:54069 (4 connections now open)
25-10-2022 20:40:12.423 [Thread-3] INFO  o.s.b.a.mongo.embedded.EmbeddedMongo.log - 2022-10-25T20:40:12.423-0500 I -        [conn4] end connection 127.0.0.1:54071 (3 connections now open)
25-10-2022 20:40:12.424 [Thread-3] INFO  o.s.b.a.mongo.embedded.EmbeddedMongo.log - 2022-10-25T20:40:12.425-0500 I -        [conn2] end connection 127.0.0.1:54068 (2 connections now open)
25-10-2022 20:40:12.426 [Thread-3] INFO  o.s.b.a.mongo.embedded.EmbeddedMongo.log - 2022-10-25T20:40:12.427-0500 I -        [conn3] end connection 127.0.0.1:54070 (1 connection now open)
25-10-2022 20:40:14.500 [Thread-3] INFO  o.s.b.a.mongo.embedded.EmbeddedMongo.log - 2022-10-25T20:40:14.501-0500 I NETWORK  [thread1] connection accepted from 127.0.0.1:54074 #5 (1 connection now open)
25-10-2022 20:40:14.503 [Thread-3] INFO  o.s.b.a.mongo.embedded.EmbeddedMongo.log - 2022-10-25T20:40:14.504-0500 I COMMAND  [conn5] terminating, shutdown command received
25-10-2022 20:40:14.504 [Thread-3] INFO  o.s.b.a.mongo.embedded.EmbeddedMongo.log - 2022-10-25T20:40:14.504-0500 I NETWORK  [conn5] shutdown: going to close listening sockets...
25-10-2022 20:40:14.504 [Thread-3] INFO  o.s.b.a.mongo.embedded.EmbeddedMongo.log - 2022-10-25T20:40:14.504-0500 I NETWORK  [conn5] closing listening socket: 548
25-10-2022 20:40:14.504 [Thread-3] INFO  o.s.b.a.mongo.embedded.EmbeddedMongo.log - 2022-10-25T20:40:14.504-0500 I NETWORK  [conn5] shutdown: going to flush diaglog...
25-10-2022 20:40:14.505 [Thread-3] INFO  o.s.b.a.mongo.embedded.EmbeddedMongo.log - 2022-10-25T20:40:14.504-0500 I FTDC     [conn5] Shutting down full-time diagnostic data capture
25-10-2022 20:40:14.505 [Thread-3] INFO  o.s.b.a.mongo.embedded.EmbeddedMongo.log - 2022-10-25T20:40:14.506-0500 I STORAGE  [conn5] WiredTigerKVEngine shutting down
25-10-2022 20:40:14.544 [Thread-3] INFO  o.s.b.a.mongo.embedded.EmbeddedMongo.log - 2022-10-25T20:40:14.545-0500 I STORAGE  [conn5] shutdown: removing fs lock...
25-10-2022 20:40:14.545 [Thread-3] INFO  o.s.b.a.mongo.embedded.EmbeddedMongo.log - 2022-10-25T20:40:14.545-0500 I CONTROL  [conn5] now exiting
25-10-2022 20:40:14.545 [Thread-3] INFO  o.s.b.a.mongo.embedded.EmbeddedMongo.log - 2022-10-25T20:40:14.545-0500 I CONTROL  [conn5] shutting down with code:0
